[
    {
        "Id": "9e5a6236f83035a209f6878a9f4bf94989502b94986d7c4465ed07e98d1eb08a",
        "Created": "2020-10-23T09:32:54.016576066Z",
        "Path": "docker-entrypoint.sh",
        "Args": [
            "/bin/sh",
            "-c",
            "node index.js"
        ],
        "State": {
            "Status": "running",
            "Running": true,
            "Paused": false,
            "Restarting": false,
            "OOMKilled": false,
            "Dead": false,
            "Pid": 959,
            "ExitCode": 0,
            "Error": "",
            "StartedAt": "2020-10-23T09:32:54.184482912Z",
            "FinishedAt": "0001-01-01T00:00:00Z"
        },
        "Image": "sha256:d22a7306d5b8a80b928c49e65f3f0f6b91bbdf74ff19a1d940a6ace4a66a0d81",
        "ResolvConfPath": "/var/lib/docker/containers/9e5a6236f83035a209f6878a9f4bf94989502b94986d7c4465ed07e98d1eb08a/resolv.conf",
        "HostnamePath": "/var/lib/docker/containers/9e5a6236f83035a209f6878a9f4bf94989502b94986d7c4465ed07e98d1eb08a/hostname",
        "HostsPath": "/var/lib/docker/containers/9e5a6236f83035a209f6878a9f4bf94989502b94986d7c4465ed07e98d1eb08a/hosts",
        "LogPath": "/var/lib/docker/containers/9e5a6236f83035a209f6878a9f4bf94989502b94986d7c4465ed07e98d1eb08a/9e5a6236f83035a209f6878a9f4bf94989502b94986d7c4465ed07e98d1eb08a-json.log",
        "Name": "/olc-core",
        "RestartCount": 0,
        "Driver": "overlay2",
        "Platform": "linux",
        "MountLabel": "",
        "ProcessLabel": "",
        "AppArmorProfile": "docker-default",
        "ExecIDs": null,
        "HostConfig": {
            "Binds": null,
            "ContainerIDFile": "",
            "LogConfig": {
                "Type": "json-file",
                "Config": {}
            },
            "NetworkMode": "host",
            "PortBindings": {},
            "RestartPolicy": {
                "Name": "no",
                "MaximumRetryCount": 0
            },
            "AutoRemove": false,
            "VolumeDriver": "",
            "VolumesFrom": null,
            "CapAdd": null,
            "CapDrop": null,
            "Capabilities": null,
            "Dns": [],
            "DnsOptions": [],
            "DnsSearch": [],
            "ExtraHosts": null,
            "GroupAdd": null,
            "IpcMode": "private",
            "Cgroup": "",
            "Links": null,
            "OomScoreAdj": 0,
            "PidMode": "",
            "Privileged": false,
            "PublishAllPorts": false,
            "ReadonlyRootfs": false,
            "SecurityOpt": null,
            "UTSMode": "",
            "UsernsMode": "",
            "ShmSize": 67108864,
            "Runtime": "runc",
            "ConsoleSize": [
                0,
                0
            ],
            "Isolation": "",
            "CpuShares": 0,
            "Memory": 0,
            "NanoCpus": 0,
            "CgroupParent": "",
            "BlkioWeight": 0,
            "BlkioWeightDevice": [],
            "BlkioDeviceReadBps": null,
            "BlkioDeviceWriteBps": null,
            "BlkioDeviceReadIOps": null,
            "BlkioDeviceWriteIOps": null,
            "CpuPeriod": 0,
            "CpuQuota": 0,
            "CpuRealtimePeriod": 0,
            "CpuRealtimeRuntime": 0,
            "CpusetCpus": "",
            "CpusetMems": "",
            "Devices": [],
            "DeviceCgroupRules": null,
            "DeviceRequests": null,
            "KernelMemory": 0,
            "KernelMemoryTCP": 0,
            "MemoryReservation": 0,
            "MemorySwap": 0,
            "MemorySwappiness": null,
            "OomKillDisable": false,
            "PidsLimit": null,
            "Ulimits": null,
            "CpuCount": 0,
            "CpuPercent": 0,
            "IOMaximumIOps": 0,
            "IOMaximumBandwidth": 0,
            "MaskedPaths": [
                "/proc/asound",
                "/proc/acpi",
                "/proc/kcore",
                "/proc/keys",
                "/proc/latency_stats",
                "/proc/timer_list",
                "/proc/timer_stats",
                "/proc/sched_debug",
                "/proc/scsi",
                "/sys/firmware"
            ],
            "ReadonlyPaths": [
                "/proc/bus",
                "/proc/fs",
                "/proc/irq",
                "/proc/sys",
                "/proc/sysrq-trigger"
            ]
        },
        "GraphDriver": {
            "Data": {
                "LowerDir": "/var/lib/docker/overlay2/bc8ea12f04307d24407330909a8222630d03ab80b281b0fadaa10aacbd653032-init/diff:/var/lib/docker/overlay2/3cd6867d7a71b092872311b4c3fea8aa01b920641988069a31df696aacc5c7bc/diff:/var/lib/docker/overlay2/c5671a36166bafa4b1c0478074300333ef7780bfe53d137548eedf0fef880240/diff:/var/lib/docker/overlay2/7da3e584048ffdf9f614d4695aae0ae9ef388bc77799d164d253c315caf32e59/diff:/var/lib/docker/overlay2/19fab574084c4930776d59c9c1710d57dd7d45ec13233ae7b681a90490ab1f10/diff:/var/lib/docker/overlay2/5137398199e664a30c86aac279088b3195e07a6739f66203a50ae68be78686f7/diff:/var/lib/docker/overlay2/e66279f7e61560571860bb274d6adad88147bd325beb6dd1f934901a831ee15b/diff:/var/lib/docker/overlay2/67bc65d18d2dd479a9d9f684b1272400077a45f438b06e0855d6f13375178876/diff:/var/lib/docker/overlay2/8c35c9a62f7aedd5ac5069f13a3d11301adc5ab807266422051634b8082c507f/diff",
                "MergedDir": "/var/lib/docker/overlay2/bc8ea12f04307d24407330909a8222630d03ab80b281b0fadaa10aacbd653032/merged",
                "UpperDir": "/var/lib/docker/overlay2/bc8ea12f04307d24407330909a8222630d03ab80b281b0fadaa10aacbd653032/diff",
                "WorkDir": "/var/lib/docker/overlay2/bc8ea12f04307d24407330909a8222630d03ab80b281b0fadaa10aacbd653032/work"
            },
            "Name": "overlay2"
        },
        "Mounts": [],
        "Config": {
            "Hostname": "cloudgate",
            "Domainname": "",
            "User": "",
            "AttachStdin": false,
            "AttachStdout": false,
            "AttachStderr": false,
            "Tty": false,
            "OpenStdin": false,
            "StdinOnce": false,
            "Env": [
                "PATH=/usr/local/sbin:/usr/local/bin:/usr/sbin:/usr/bin:/sbin:/bin",
                "NODE_VERSION=14.14.0",
                "YARN_VERSION=1.22.5"
            ],
            "Cmd": [
                "/bin/sh",
                "-c",
                "node index.js"
            ],
            "Image": "olc:alpine",
            "Volumes": null,
            "WorkingDir": "/app",
            "Entrypoint": [
                "docker-entrypoint.sh"
            ],
            "OnBuild": null,
            "Labels": {}
        },
        "NetworkSettings": {
            "Bridge": "",
            "SandboxID": "933296c68c034513c344794a76a8c92b46016f203e57e335c02fcd717ee93b9f",
            "HairpinMode": false,
            "LinkLocalIPv6Address": "",
            "LinkLocalIPv6PrefixLen": 0,
            "Ports": {},
            "SandboxKey": "/var/run/docker/netns/default",
            "SecondaryIPAddresses": null,
            "SecondaryIPv6Addresses": null,
            "EndpointID": "",
            "Gateway": "",
            "GlobalIPv6Address": "",
            "GlobalIPv6PrefixLen": 0,
            "IPAddress": "",
            "IPPrefixLen": 0,
            "IPv6Gateway": "",
            "MacAddress": "",
            "Networks": {
                "host": {
                    "IPAMConfig": null,
                    "Links": null,
                    "Aliases": null,
                    "NetworkID": "25eb30891a8238113dfbc14abb7f1ed014ec707f0a33c7285a74aaf08c9e50d6",
                    "EndpointID": "dea0f193ab046f485e375252c94fd2f480b365c16e27d76216ae2becc6726008",
                    "Gateway": "",
                    "IPAddress": "",
                    "IPPrefixLen": 0,
                    "IPv6Gateway": "",
                    "GlobalIPv6Address": "",
                    "GlobalIPv6PrefixLen": 0,
                    "MacAddress": "",
                    "DriverOpts": null
                }
            }
        }
    }
]
